2020-11-25 11:25:12,919 [1] INFO  PracticeApi.Program [(null)] - practice api init!
2020-11-25 11:27:15,783 [1] INFO  PracticeApi.Program [(null)] - practice api init!
2020-11-25 11:32:42,616 [1] INFO  PracticeApi.Program [(null)] - practice api init!
2020-11-25 16:02:33,822 [1] INFO  PracticeApi.Program [(null)] - practice api init!
2020-11-25 16:08:02,185 [1] INFO  PracticeApi.Program [(null)] - practice api init!
2020-11-25 16:14:30,204 [1] INFO  PracticeApi.Program [(null)] - practice api init!
2020-11-25 16:25:08,148 [1] INFO  PracticeApi.Program [(null)] - practice api init!
2020-11-25 16:30:49,097 [1] INFO  PracticeApi.Program [(null)] - practice api init!
2020-11-25 16:33:25,434 [1] INFO  PracticeApi.Program [(null)] - practice api init!
2020-11-25 16:36:34,451 [1] INFO  PracticeApi.Program [(null)] - practice api init!
2020-11-25 16:39:14,967 [1] INFO  PracticeApi.Program [(null)] - practice api init!
2020-11-25 16:39:39,757 [4] ERROR Practice.Services.NewsDetailsService [(null)] - 查询失败MySql.Data.MySqlClient.MySqlException (0x80004005): Expression #1 of SELECT list is not in GROUP BY clause and contains nonaggregated column 'practice.c.id' which is not functionally dependent on columns in GROUP BY clause; this is incompatible with sql_mode=only_full_group_by
   at MySql.Data.MySqlClient.MySqlStream.ReadPacket()
   at MySql.Data.MySqlClient.NativeDriver.GetResult(Int32& affectedRow, Int64& insertedId)
   at MySql.Data.MySqlClient.Driver.GetResult(Int32 statementId, Int32& affectedRows, Int64& insertedId)
   at MySql.Data.MySqlClient.Driver.NextResult(Int32 statementId, Boolean force)
   at MySql.Data.MySqlClient.MySqlDataReader.NextResult()
   at MySql.Data.MySqlClient.MySqlCommand.ExecuteReader(CommandBehavior behavior)
   at MySql.Data.MySqlClient.MySqlCommand.ExecuteDbDataReader(CommandBehavior behavior)
   at System.Data.Common.DbCommand.ExecuteDbDataReaderAsync(CommandBehavior behavior, CancellationToken cancellationToken)
--- End of stack trace from previous location where exception was thrown ---
   at Dapper.SqlMapper.QueryAsync[T](IDbConnection cnn, Type effectiveType, CommandDefinition command) in /_/Dapper/SqlMapper.Async.cs:line 419
   at Practice.Repositories.NewsDetailsRepository.SelectDetailsTitle(String title, Int32 pageIndex) in D:\bst-test\practice-proj\Practice.Repositories\Repositories\NewsDetailsRepository.cs:line 33
   at Practice.Services.NewsDetailsService.SelectDetailsTitle(String title, Int32 pageIndex) in D:\bst-test\practice-proj\Practice.Service\Services\NewsDetailsService.cs:line 69
2020-11-25 16:39:47,435 [7] ERROR Practice.Services.NewsDetailsService [(null)] - 查询失败MySql.Data.MySqlClient.MySqlException (0x80004005): Expression #1 of SELECT list is not in GROUP BY clause and contains nonaggregated column 'practice.c.id' which is not functionally dependent on columns in GROUP BY clause; this is incompatible with sql_mode=only_full_group_by
   at MySql.Data.MySqlClient.MySqlStream.ReadPacket()
   at MySql.Data.MySqlClient.NativeDriver.GetResult(Int32& affectedRow, Int64& insertedId)
   at MySql.Data.MySqlClient.Driver.GetResult(Int32 statementId, Int32& affectedRows, Int64& insertedId)
   at MySql.Data.MySqlClient.Driver.NextResult(Int32 statementId, Boolean force)
   at MySql.Data.MySqlClient.MySqlDataReader.NextResult()
   at MySql.Data.MySqlClient.MySqlCommand.ExecuteReader(CommandBehavior behavior)
   at MySql.Data.MySqlClient.MySqlCommand.ExecuteDbDataReader(CommandBehavior behavior)
   at System.Data.Common.DbCommand.ExecuteDbDataReaderAsync(CommandBehavior behavior, CancellationToken cancellationToken)
--- End of stack trace from previous location where exception was thrown ---
   at Dapper.SqlMapper.QueryAsync[T](IDbConnection cnn, Type effectiveType, CommandDefinition command) in /_/Dapper/SqlMapper.Async.cs:line 419
   at Practice.Repositories.NewsDetailsRepository.SelectDetailsTitle(String title, Int32 pageIndex) in D:\bst-test\practice-proj\Practice.Repositories\Repositories\NewsDetailsRepository.cs:line 33
   at Practice.Services.NewsDetailsService.SelectDetailsTitle(String title, Int32 pageIndex) in D:\bst-test\practice-proj\Practice.Service\Services\NewsDetailsService.cs:line 69
2020-11-25 16:39:48,903 [7] ERROR Practice.Services.NewsDetailsService [(null)] - 查询失败MySql.Data.MySqlClient.MySqlException (0x80004005): Expression #1 of SELECT list is not in GROUP BY clause and contains nonaggregated column 'practice.c.id' which is not functionally dependent on columns in GROUP BY clause; this is incompatible with sql_mode=only_full_group_by
   at MySql.Data.MySqlClient.MySqlStream.ReadPacket()
   at MySql.Data.MySqlClient.NativeDriver.GetResult(Int32& affectedRow, Int64& insertedId)
   at MySql.Data.MySqlClient.Driver.GetResult(Int32 statementId, Int32& affectedRows, Int64& insertedId)
   at MySql.Data.MySqlClient.Driver.NextResult(Int32 statementId, Boolean force)
   at MySql.Data.MySqlClient.MySqlDataReader.NextResult()
   at MySql.Data.MySqlClient.MySqlCommand.ExecuteReader(CommandBehavior behavior)
   at MySql.Data.MySqlClient.MySqlCommand.ExecuteDbDataReader(CommandBehavior behavior)
   at System.Data.Common.DbCommand.ExecuteDbDataReaderAsync(CommandBehavior behavior, CancellationToken cancellationToken)
--- End of stack trace from previous location where exception was thrown ---
   at Dapper.SqlMapper.QueryAsync[T](IDbConnection cnn, Type effectiveType, CommandDefinition command) in /_/Dapper/SqlMapper.Async.cs:line 419
   at Practice.Repositories.NewsDetailsRepository.SelectDetailsTitle(String title, Int32 pageIndex) in D:\bst-test\practice-proj\Practice.Repositories\Repositories\NewsDetailsRepository.cs:line 33
   at Practice.Services.NewsDetailsService.SelectDetailsTitle(String title, Int32 pageIndex) in D:\bst-test\practice-proj\Practice.Service\Services\NewsDetailsService.cs:line 69
2020-11-25 16:39:49,555 [16] ERROR Practice.Services.NewsDetailsService [(null)] - 查询失败MySql.Data.MySqlClient.MySqlException (0x80004005): Expression #1 of SELECT list is not in GROUP BY clause and contains nonaggregated column 'practice.c.id' which is not functionally dependent on columns in GROUP BY clause; this is incompatible with sql_mode=only_full_group_by
   at MySql.Data.MySqlClient.MySqlStream.ReadPacket()
   at MySql.Data.MySqlClient.NativeDriver.GetResult(Int32& affectedRow, Int64& insertedId)
   at MySql.Data.MySqlClient.Driver.GetResult(Int32 statementId, Int32& affectedRows, Int64& insertedId)
   at MySql.Data.MySqlClient.Driver.NextResult(Int32 statementId, Boolean force)
   at MySql.Data.MySqlClient.MySqlDataReader.NextResult()
   at MySql.Data.MySqlClient.MySqlCommand.ExecuteReader(CommandBehavior behavior)
   at MySql.Data.MySqlClient.MySqlCommand.ExecuteDbDataReader(CommandBehavior behavior)
   at System.Data.Common.DbCommand.ExecuteDbDataReaderAsync(CommandBehavior behavior, CancellationToken cancellationToken)
--- End of stack trace from previous location where exception was thrown ---
   at Dapper.SqlMapper.QueryAsync[T](IDbConnection cnn, Type effectiveType, CommandDefinition command) in /_/Dapper/SqlMapper.Async.cs:line 419
   at Practice.Repositories.NewsDetailsRepository.SelectDetailsTitle(String title, Int32 pageIndex) in D:\bst-test\practice-proj\Practice.Repositories\Repositories\NewsDetailsRepository.cs:line 33
   at Practice.Services.NewsDetailsService.SelectDetailsTitle(String title, Int32 pageIndex) in D:\bst-test\practice-proj\Practice.Service\Services\NewsDetailsService.cs:line 69
2020-11-25 16:39:50,029 [16] ERROR Practice.Services.NewsDetailsService [(null)] - 查询失败MySql.Data.MySqlClient.MySqlException (0x80004005): Expression #1 of SELECT list is not in GROUP BY clause and contains nonaggregated column 'practice.c.id' which is not functionally dependent on columns in GROUP BY clause; this is incompatible with sql_mode=only_full_group_by
   at MySql.Data.MySqlClient.MySqlStream.ReadPacket()
   at MySql.Data.MySqlClient.NativeDriver.GetResult(Int32& affectedRow, Int64& insertedId)
   at MySql.Data.MySqlClient.Driver.GetResult(Int32 statementId, Int32& affectedRows, Int64& insertedId)
   at MySql.Data.MySqlClient.Driver.NextResult(Int32 statementId, Boolean force)
   at MySql.Data.MySqlClient.MySqlDataReader.NextResult()
   at MySql.Data.MySqlClient.MySqlCommand.ExecuteReader(CommandBehavior behavior)
   at MySql.Data.MySqlClient.MySqlCommand.ExecuteDbDataReader(CommandBehavior behavior)
   at System.Data.Common.DbCommand.ExecuteDbDataReaderAsync(CommandBehavior behavior, CancellationToken cancellationToken)
--- End of stack trace from previous location where exception was thrown ---
   at Dapper.SqlMapper.QueryAsync[T](IDbConnection cnn, Type effectiveType, CommandDefinition command) in /_/Dapper/SqlMapper.Async.cs:line 419
   at Practice.Repositories.NewsDetailsRepository.SelectDetailsTitle(String title, Int32 pageIndex) in D:\bst-test\practice-proj\Practice.Repositories\Repositories\NewsDetailsRepository.cs:line 33
   at Practice.Services.NewsDetailsService.SelectDetailsTitle(String title, Int32 pageIndex) in D:\bst-test\practice-proj\Practice.Service\Services\NewsDetailsService.cs:line 69
2020-11-25 16:40:32,693 [4] ERROR Practice.Services.NewsDetailsService [(null)] - 查询失败MySql.Data.MySqlClient.MySqlException (0x80004005): Expression #1 of SELECT list is not in GROUP BY clause and contains nonaggregated column 'practice.c.id' which is not functionally dependent on columns in GROUP BY clause; this is incompatible with sql_mode=only_full_group_by
   at MySql.Data.MySqlClient.MySqlStream.ReadPacket()
   at MySql.Data.MySqlClient.NativeDriver.GetResult(Int32& affectedRow, Int64& insertedId)
   at MySql.Data.MySqlClient.Driver.GetResult(Int32 statementId, Int32& affectedRows, Int64& insertedId)
   at MySql.Data.MySqlClient.Driver.NextResult(Int32 statementId, Boolean force)
   at MySql.Data.MySqlClient.MySqlDataReader.NextResult()
   at MySql.Data.MySqlClient.MySqlCommand.ExecuteReader(CommandBehavior behavior)
   at MySql.Data.MySqlClient.MySqlCommand.ExecuteDbDataReader(CommandBehavior behavior)
   at System.Data.Common.DbCommand.ExecuteDbDataReaderAsync(CommandBehavior behavior, CancellationToken cancellationToken)
--- End of stack trace from previous location where exception was thrown ---
   at Dapper.SqlMapper.QueryAsync[T](IDbConnection cnn, Type effectiveType, CommandDefinition command) in /_/Dapper/SqlMapper.Async.cs:line 419
   at Practice.Repositories.NewsDetailsRepository.SelectDetailsTitle(String title, Int32 pageIndex) in D:\bst-test\practice-proj\Practice.Repositories\Repositories\NewsDetailsRepository.cs:line 33
   at Practice.Services.NewsDetailsService.SelectDetailsTitle(String title, Int32 pageIndex) in D:\bst-test\practice-proj\Practice.Service\Services\NewsDetailsService.cs:line 69
2020-11-25 16:41:12,827 [17] ERROR Practice.Services.NewsDetailsService [(null)] - 查询失败MySql.Data.MySqlClient.MySqlException (0x80004005): Expression #1 of SELECT list is not in GROUP BY clause and contains nonaggregated column 'practice.c.id' which is not functionally dependent on columns in GROUP BY clause; this is incompatible with sql_mode=only_full_group_by
   at MySql.Data.MySqlClient.MySqlStream.ReadPacket()
   at MySql.Data.MySqlClient.NativeDriver.GetResult(Int32& affectedRow, Int64& insertedId)
   at MySql.Data.MySqlClient.Driver.GetResult(Int32 statementId, Int32& affectedRows, Int64& insertedId)
   at MySql.Data.MySqlClient.Driver.NextResult(Int32 statementId, Boolean force)
   at MySql.Data.MySqlClient.MySqlDataReader.NextResult()
   at MySql.Data.MySqlClient.MySqlCommand.ExecuteReader(CommandBehavior behavior)
   at MySql.Data.MySqlClient.MySqlCommand.ExecuteDbDataReader(CommandBehavior behavior)
   at System.Data.Common.DbCommand.ExecuteDbDataReaderAsync(CommandBehavior behavior, CancellationToken cancellationToken)
--- End of stack trace from previous location where exception was thrown ---
   at Dapper.SqlMapper.QueryAsync[T](IDbConnection cnn, Type effectiveType, CommandDefinition command) in /_/Dapper/SqlMapper.Async.cs:line 419
   at Practice.Repositories.NewsDetailsRepository.SelectDetailsTitle(String title, Int32 pageIndex) in D:\bst-test\practice-proj\Practice.Repositories\Repositories\NewsDetailsRepository.cs:line 33
   at Practice.Services.NewsDetailsService.SelectDetailsTitle(String title, Int32 pageIndex) in D:\bst-test\practice-proj\Practice.Service\Services\NewsDetailsService.cs:line 69
2020-11-25 16:42:24,857 [1] INFO  PracticeApi.Program [(null)] - practice api init!
2020-11-25 16:43:28,186 [5] ERROR Practice.Services.NewsDetailsService [(null)] - 查询失败MySql.Data.MySqlClient.MySqlException (0x80004005): Expression #1 of SELECT list is not in GROUP BY clause and contains nonaggregated column 'practice.c.id' which is not functionally dependent on columns in GROUP BY clause; this is incompatible with sql_mode=only_full_group_by
   at MySql.Data.MySqlClient.MySqlStream.ReadPacket()
   at MySql.Data.MySqlClient.NativeDriver.GetResult(Int32& affectedRow, Int64& insertedId)
   at MySql.Data.MySqlClient.Driver.GetResult(Int32 statementId, Int32& affectedRows, Int64& insertedId)
   at MySql.Data.MySqlClient.Driver.NextResult(Int32 statementId, Boolean force)
   at MySql.Data.MySqlClient.MySqlDataReader.NextResult()
   at MySql.Data.MySqlClient.MySqlCommand.ExecuteReader(CommandBehavior behavior)
   at MySql.Data.MySqlClient.MySqlCommand.ExecuteDbDataReader(CommandBehavior behavior)
   at System.Data.Common.DbCommand.ExecuteDbDataReaderAsync(CommandBehavior behavior, CancellationToken cancellationToken)
--- End of stack trace from previous location where exception was thrown ---
   at Dapper.SqlMapper.QueryAsync[T](IDbConnection cnn, Type effectiveType, CommandDefinition command) in /_/Dapper/SqlMapper.Async.cs:line 419
   at Practice.Repositories.NewsDetailsRepository.SelectDetailsTitle(String title, Int32 pageIndex) in D:\bst-test\practice-proj\Practice.Repositories\Repositories\NewsDetailsRepository.cs:line 33
   at Practice.Services.NewsDetailsService.SelectDetailsTitle(String title, Int32 pageIndex) in D:\bst-test\practice-proj\Practice.Service\Services\NewsDetailsService.cs:line 69
2020-11-25 16:57:11,353 [1] INFO  PracticeApi.Program [(null)] - practice api init!
2020-11-25 17:04:09,201 [1] INFO  PracticeApi.Program [(null)] - practice api init!
2020-11-25 17:04:36,498 [4] ERROR Practice.Services.NewsDetailsService [(null)] - 查询失败MySql.Data.MySqlClient.MySqlException (0x80004005): Expression #1 of SELECT list is not in GROUP BY clause and contains nonaggregated column 'practice.c.name' which is not functionally dependent on columns in GROUP BY clause; this is incompatible with sql_mode=only_full_group_by
   at MySql.Data.MySqlClient.MySqlStream.ReadPacket()
   at MySql.Data.MySqlClient.NativeDriver.GetResult(Int32& affectedRow, Int64& insertedId)
   at MySql.Data.MySqlClient.Driver.GetResult(Int32 statementId, Int32& affectedRows, Int64& insertedId)
   at MySql.Data.MySqlClient.Driver.NextResult(Int32 statementId, Boolean force)
   at MySql.Data.MySqlClient.MySqlDataReader.NextResult()
   at MySql.Data.MySqlClient.MySqlCommand.ExecuteReader(CommandBehavior behavior)
   at MySql.Data.MySqlClient.MySqlCommand.ExecuteDbDataReader(CommandBehavior behavior)
   at System.Data.Common.DbCommand.ExecuteDbDataReaderAsync(CommandBehavior behavior, CancellationToken cancellationToken)
--- End of stack trace from previous location where exception was thrown ---
   at Dapper.SqlMapper.QueryAsync[T](IDbConnection cnn, Type effectiveType, CommandDefinition command) in /_/Dapper/SqlMapper.Async.cs:line 419
   at Practice.Repositories.NewsDetailsRepository.SelectDetailsTitle(String title, Int32 pageIndex) in D:\bst-test\practice-proj\Practice.Repositories\Repositories\NewsDetailsRepository.cs:line 33
   at Practice.Services.NewsDetailsService.SelectDetailsTitle(String title, Int32 pageIndex) in D:\bst-test\practice-proj\Practice.Service\Services\NewsDetailsService.cs:line 69
2020-11-25 17:29:38,608 [1] INFO  PracticeApi.Program [(null)] - practice api init!
2020-11-25 17:32:33,113 [1] INFO  PracticeApi.Program [(null)] - practice api init!
2020-11-25 18:49:31,851 [1] INFO  PracticeApi.Program [(null)] - practice api init!
2020-11-25 18:51:35,429 [1] INFO  PracticeApi.Program [(null)] - practice api init!
2020-11-25 18:52:54,373 [1] INFO  PracticeApi.Program [(null)] - practice api init!
2020-11-25 18:54:34,177 [1] INFO  PracticeApi.Program [(null)] - practice api init!
2020-11-25 18:55:42,005 [1] INFO  PracticeApi.Program [(null)] - practice api init!
2020-11-25 18:58:01,899 [1] INFO  PracticeApi.Program [(null)] - practice api init!
2020-11-25 19:07:34,326 [1] INFO  PracticeApi.Program [(null)] - practice api init!
