2020-12-08 09:10:30,569 [1] INFO  PracticeApi.Program [(null)] - practice api init!
2020-12-08 09:26:16,567 [1] INFO  PracticeApi.Program [(null)] - practice api init!
2020-12-08 09:52:14,234 [1] INFO  PracticeApi.Program [(null)] - practice api init!
2020-12-08 10:23:38,994 [1] INFO  PracticeApi.Program [(null)] - practice api init!
2020-12-08 10:24:11,500 [1] INFO  PracticeApi.Program [(null)] - practice api init!
2020-12-08 10:24:24,833 [4] ERROR Practice.Services.NewsDetailService [(null)] - 新建新闻发生异常
AutoMapper.AutoMapperMappingException: Error mapping types.

Mapping types:
Object -> IEnumerable`1
System.Object -> System.Collections.Generic.IEnumerable`1[[Practice.ResponseModels.ResClassifyRecommendModel, Practice.IServices, Version=1.0.0.0, Culture=neutral, PublicKeyToken=null]]
 ---> AutoMapper.AutoMapperMappingException: Missing type map configuration or unsupported mapping.

Mapping types:
NewsDetailEntity -> ResClassifyRecommendModel
Practice.Entities.NewsDetailEntity -> Practice.ResponseModels.ResClassifyRecommendModel
   at lambda_method(Closure , NewsDetailEntity , ResClassifyRecommendModel , ResolutionContext )
   at lambda_method(Closure , Object , IEnumerable`1 , ResolutionContext )
   --- End of inner exception stack trace ---
   at lambda_method(Closure , Object , IEnumerable`1 , ResolutionContext )
   at Practice.Services.NewsDetailService.ClassifyRecommend(Int32 id) in D:\bst-test\practice-proj\Practice.Service\Services\NewsDetailService.cs:line 204
2020-12-08 10:25:52,088 [1] INFO  PracticeApi.Program [(null)] - practice api init!
2020-12-08 10:28:05,056 [1] INFO  PracticeApi.Program [(null)] - practice api init!
2020-12-08 10:35:21,549 [1] INFO  PracticeApi.Program [(null)] - practice api init!
2020-12-08 11:18:24,621 [1] INFO  PracticeApi.Program [(null)] - practice api init!
2020-12-08 16:24:40,091 [1] INFO  PracticeApi.Program [(null)] - practice api init!
2020-12-08 16:41:16,095 [1] INFO  PracticeApi.Program [(null)] - practice api init!
2020-12-08 17:10:58,508 [1] INFO  PracticeApi.Program [(null)] - practice api init!
2020-12-08 17:41:41,814 [1] INFO  PracticeApi.Program [(null)] - practice api init!
2020-12-08 17:50:03,896 [1] INFO  PracticeApi.Program [(null)] - practice api init!
2020-12-08 17:59:06,626 [1] INFO  PracticeApi.Program [(null)] - practice api init!
2020-12-08 18:06:08,118 [1] INFO  PracticeApi.Program [(null)] - practice api init!
2020-12-08 18:09:58,572 [1] INFO  PracticeApi.Program [(null)] - practice api init!
2020-12-08 18:15:30,178 [1] INFO  PracticeApi.Program [(null)] - practice api init!
2020-12-08 18:23:02,756 [1] INFO  PracticeApi.Program [(null)] - practice api init!
